<?xml version="1.0" encoding="UTF-8"?>
<testsuite xmlns:xsi="http://www.w3.org/2001/XMLSchema-instance" xsi:noNamespaceSchemaLocation="https://maven.apache.org/surefire/maven-surefire-plugin/xsd/surefire-test-report.xsd" version="3.0.2" name="com.cms.cloudmanagement.ApplicationTests" time="6.084" tests="1" errors="0" skipped="0" failures="0" flakes="0">
  <properties>
[...]
</properties>
  <testcase name="contextLoads" classname="com.cms.cloudmanagement.ApplicationTests" time="0.278">
    <system-out><![CDATA[
  .   ____          _            __ _ _
 /\\ / ___'_ __ _ _(_)_ __  __ _ \ \ \ \
( ( )\___ | '_ | '_| | '_ \/ _` | \ \ \ \
 \\/  ___)| |_)| | | | | || (_| |  ) ) ) )
  '  |____| .__|_| |_|_| |_\__, | / / / /
 =========|_|==============|___/=/_/_/_/

 :: Spring Boot ::                (v4.1.0)

2026-07-14T15:24:49.402+05:30  INFO 3708 --- [cloud-management-system] [           main] c.cms.cloudmanagement.ApplicationTests   : Starting ApplicationTests using Java 17.0.12 with PID 3708 (started by Gokulaselvam R in D:\CBMS\CMS)
2026-07-14T15:24:49.408+05:30  INFO 3708 --- [cloud-management-system] [           main] c.cms.cloudmanagement.ApplicationTests   : No active profile set, falling back to 1 default profile: "default"
2026-07-14T15:24:50.187+05:30  INFO 3708 --- [cloud-management-system] [           main] .s.d.r.c.RepositoryConfigurationDelegate : Multiple Spring Data modules found, entering strict repository configuration mode
2026-07-14T15:24:50.202+05:30  INFO 3708 --- [cloud-management-system] [           main] .s.d.r.c.RepositoryConfigurationDelegate : Bootstrapping Spring Data JDBC repositories in DEFAULT mode.
2026-07-14T15:24:50.237+05:30  INFO 3708 --- [cloud-management-system] [           main] .RepositoryConfigurationExtensionSupport : Spring Data JDBC - Could not safely identify store assignment for repository candidate interface com.cms.cloudmanagement.repository.CloudResourceRepository; If you want this repository to be a JDBC repository, consider annotating your entities with one of these annotations: org.springframework.data.relational.core.mapping.Table.
2026-07-14T15:24:50.237+05:30  INFO 3708 --- [cloud-management-system] [           main] .s.d.r.c.RepositoryConfigurationDelegate : Finished Spring Data repository scanning in 26 ms. Found 0 JDBC repository interfaces.
2026-07-14T15:24:50.255+05:30  INFO 3708 --- [cloud-management-system] [           main] .s.d.r.c.RepositoryConfigurationDelegate : Multiple Spring Data modules found, entering strict repository configuration mode
2026-07-14T15:24:50.257+05:30  INFO 3708 --- [cloud-management-system] [           main] .s.d.r.c.RepositoryConfigurationDelegate : Bootstrapping Spring Data JPA repositories in DEFAULT mode.
2026-07-14T15:24:50.290+05:30  INFO 3708 --- [cloud-management-system] [           main] .s.d.r.c.RepositoryConfigurationDelegate : Finished Spring Data repository scanning in 29 ms. Found 1 JPA repository interface.
2026-07-14T15:24:50.301+05:30  INFO 3708 --- [cloud-management-system] [           main] .s.d.r.c.RepositoryConfigurationDelegate : Multiple Spring Data modules found, entering strict repository configuration mode
2026-07-14T15:24:50.301+05:30  INFO 3708 --- [cloud-management-system] [           main] .s.d.r.c.RepositoryConfigurationDelegate : Bootstrapping Spring Data LDAP repositories in DEFAULT mode.
2026-07-14T15:24:50.307+05:30  INFO 3708 --- [cloud-management-system] [           main] .RepositoryConfigurationExtensionSupport : Spring Data LDAP - Could not safely identify store assignment for repository candidate interface com.cms.cloudmanagement.repository.CloudResourceRepository; If you want this repository to be a LDAP repository, consider annotating your entities with one of these annotations: org.springframework.ldap.odm.annotations.Entry (preferred), or consider extending one of the following types with your repository: org.springframework.data.ldap.repository.LdapRepository
2026-07-14T15:24:50.307+05:30  INFO 3708 --- [cloud-management-system] [           main] .s.d.r.c.RepositoryConfigurationDelegate : Finished Spring Data repository scanning in 3 ms. Found 0 LDAP repository interfaces.
2026-07-14T15:24:50.861+05:30  INFO 3708 --- [cloud-management-system] [           main] org.hibernate.orm.jpa                    : HHH008540: Processing PersistenceUnitInfo [name: default]
2026-07-14T15:24:50.936+05:30  INFO 3708 --- [cloud-management-system] [           main] org.hibernate.orm.core                   : HHH000001: Hibernate ORM core version 7.4.1.Final
2026-07-14T15:24:51.523+05:30  INFO 3708 --- [cloud-management-system] [           main] o.s.o.j.p.SpringPersistenceUnitInfo      : No LoadTimeWeaver setup: ignoring JPA class transformer
2026-07-14T15:24:51.577+05:30  INFO 3708 --- [cloud-management-system] [           main] com.zaxxer.hikari.HikariDataSource       : HikariPool-1 - Starting...
2026-07-14T15:24:51.861+05:30  INFO 3708 --- [cloud-management-system] [           main] com.zaxxer.hikari.pool.HikariPool        : HikariPool-1 - Added connection conn0: url=jdbc:h2:mem:cmsdb user=SA
2026-07-14T15:24:51.861+05:30  INFO 3708 --- [cloud-management-system] [           main] com.zaxxer.hikari.HikariDataSource       : HikariPool-1 - Start completed.
2026-07-14T15:24:51.956+05:30  INFO 3708 --- [cloud-management-system] [           main] org.hibernate.orm.connections.pooling    : HHH10001005: Database info:
	Database JDBC URL [jdbc:h2:mem:cmsdb]
	Database driver: H2 JDBC Driver
	Database dialect: H2Dialect
	Database version: 2.4.240
	Default catalog/schema: CMSDB/PUBLIC
	Autocommit mode: undefined/unknown
	Isolation level: READ_COMMITTED [default READ_COMMITTED]
	JDBC fetch size: 100
	Pool: DataSourceConnectionProvider
	Minimum pool size: undefined/unknown
	Maximum pool size: undefined/unknown
2026-07-14T15:24:52.685+05:30  INFO 3708 --- [cloud-management-system] [           main] org.hibernate.orm.core                   : HHH000489: No JTA platform available (set 'hibernate.transaction.jta.platform' to enable JTA platform integration)
2026-07-14T15:24:52.738+05:30  INFO 3708 --- [cloud-management-system] [           main] j.LocalContainerEntityManagerFactoryBean : Initialized JPA EntityManagerFactory for persistence unit 'default'
2026-07-14T15:24:52.820+05:30  INFO 3708 --- [cloud-management-system] [           main] o.s.d.j.r.query.QueryEnhancerFactories   : Hibernate is in classpath; If applicable, HQL parser will be used.
2026-07-14T15:24:52.985+05:30  WARN 3708 --- [cloud-management-system] [           main] JpaBaseConfiguration$JpaWebConfiguration : spring.jpa.open-in-view is enabled by default. Therefore, database queries may be performed during view rendering. Explicitly configure spring.jpa.open-in-view to disable this warning
2026-07-14T15:24:53.556+05:30  INFO 3708 --- [cloud-management-system] [           main] o.s.b.h.a.H2ConsoleAutoConfiguration     : H2 console available at '/h2-console'. Database available at 'jdbc:h2:mem:cmsdb'
2026-07-14T15:24:53.584+05:30  INFO 3708 --- [cloud-management-system] [           main] o.s.l.c.support.AbstractContextSource    : Property 'userDn' not set - anonymous context will be used for read-only operations
2026-07-14T15:24:54.458+05:30  INFO 3708 --- [cloud-management-system] [           main] c.cms.cloudmanagement.ApplicationTests   : Started ApplicationTests in 5.365 seconds (process running for 6.487)
]]></system-out>
  </testcase>
</testsuite>